<?xml version="1.0" encoding="UTF-8"?>
<!-- Generated by org.testng.reporters.JUnitXMLReporter -->
<testsuite ignored="0" hostname="Yuanhans-MacBook-Air.local" failures="1" tests="2" name="login" time="19.55" errors="0" timestamp="2020-01-10T16:41:26 EST">
  <testcase classname="simulator.TestsII_Sim" name="NewUser" time="10.844"/>
  <testcase classname="simulator.TestsII_Sim" name="Reg" time="0.014">
    <failure type="java.lang.NullPointerException">
      <![CDATA[java.lang.NullPointerException
at simulator.TestsII_Sim.Reg(TestsII_Sim.java:25)
at java.base/java.util.ArrayList.forEach(ArrayList.java:1507)
... Removed 27 stack frames]]>
    </failure>
  </testcase> <!-- Reg -->
</testsuite> <!-- login -->
