<?xml version="1.0" encoding="UTF-8"?>
<!-- Generated by org.testng.reporters.JUnitXMLReporter -->
<testsuite ignored="13" hostname="Yuanhans-MacBook-Air.local" failures="0" tests="3" name="simulator2" time="115.303" errors="0" timestamp="2020-01-09T14:59:58 EST">
  <testcase classname="simulator.Tests_Sim" name="login" time="10.223"/>
  <testcase classname="simulator.Tests_Sim" name="TrackHome" time="11.925"/>
  <testcase classname="simulator.Tests_Sim" name="TrackReview" time="13.694"/>
  <testcase classname="simulator.Tests_Sim" name="welcome" time="0.0">
    <ignored/>
  </testcase> <!-- welcome -->
  <testcase classname="simulator.Tests_Sim" name="MedRev" time="0.0">
    <ignored/>
  </testcase> <!-- MedRev -->
  <testcase classname="simulator.Tests_Sim" name="MedAdd" time="0.0">
    <ignored/>
  </testcase> <!-- MedAdd -->
  <testcase classname="simulator.Tests_Sim" name="MedTake" time="0.0">
    <ignored/>
  </testcase> <!-- MedTake -->
  <testcase classname="simulator.Tests_Sim" name="CalendarAct" time="0.0">
    <ignored/>
  </testcase> <!-- CalendarAct -->
  <testcase classname="simulator.Tests_Sim" name="CalendarMed" time="0.0">
    <ignored/>
  </testcase> <!-- CalendarMed -->
  <testcase classname="simulator.Tests_Sim" name="MedActEmp" time="0.0">
    <ignored/>
  </testcase> <!-- MedActEmp -->
  <testcase classname="simulator.Tests_Sim" name="MedRem" time="0.0">
    <ignored/>
  </testcase> <!-- MedRem -->
  <testcase classname="simulator.Tests_Sim" name="MedPstEmp" time="0.0">
    <ignored/>
  </testcase> <!-- MedPstEmp -->
  <testcase classname="simulator.Tests_Sim" name="MedAct" time="0.0">
    <ignored/>
  </testcase> <!-- MedAct -->
  <testcase classname="simulator.Tests_Sim" name="MedPst" time="0.0">
    <ignored/>
  </testcase> <!-- MedPst -->
  <testcase classname="simulator.Tests_Sim" name="TrackAdd" time="0.0">
    <ignored/>
  </testcase> <!-- TrackAdd -->
  <testcase classname="simulator.Tests_Sim" name="TrackNew" time="0.0">
    <ignored/>
  </testcase> <!-- TrackNew -->
</testsuite> <!-- simulator2 -->
