<?xml version="1.0" encoding="UTF-8"?>
<!-- Generated by org.testng.reporters.JUnitXMLReporter -->
<testsuite ignored="22" hostname="Yuanhans-MacBook-Air.local" failures="0" tests="7" name="simulator" time="108.128" errors="0" timestamp="2020-01-10T13:34:28 EST">
  <testcase classname="simulator.Tests_Sim" name="login" time="7.73"/>
  <testcase classname="simulator.Tests_Sim" name="EditHome" time="5.632"/>
  <testcase classname="simulator.Tests_Sim" name="EditProf" time="15.598"/>
  <testcase classname="simulator.Tests_Sim" name="EditSet" time="10.19"/>
  <testcase classname="simulator.Tests_Sim" name="EditAbout" time="8.996"/>
  <testcase classname="simulator.Tests_Sim" name="TC" time="12.096"/>
  <testcase classname="simulator.Tests_Sim" name="Privacy" time="10.803"/>
  <testcase classname="simulator.Tests_Sim" name="welcome" time="0.0">
    <ignored/>
  </testcase> <!-- welcome -->
  <testcase classname="simulator.Tests_Sim" name="MedRev" time="0.0">
    <ignored/>
  </testcase> <!-- MedRev -->
  <testcase classname="simulator.Tests_Sim" name="MedAdd" time="0.0">
    <ignored/>
  </testcase> <!-- MedAdd -->
  <testcase classname="simulator.Tests_Sim" name="MedTake" time="0.0">
    <ignored/>
  </testcase> <!-- MedTake -->
  <testcase classname="simulator.Tests_Sim" name="TrackReview" time="0.0">
    <ignored/>
  </testcase> <!-- TrackReview -->
  <testcase classname="simulator.Tests_Sim" name="CalendarAct" time="0.0">
    <ignored/>
  </testcase> <!-- CalendarAct -->
  <testcase classname="simulator.Tests_Sim" name="Reg" time="0.0">
    <ignored/>
  </testcase> <!-- Reg -->
  <testcase classname="simulator.Tests_Sim" name="CalendarMed" time="0.0">
    <ignored/>
  </testcase> <!-- CalendarMed -->
  <testcase classname="simulator.Tests_Sim" name="MedActEmp" time="0.0">
    <ignored/>
  </testcase> <!-- MedActEmp -->
  <testcase classname="simulator.Tests_Sim" name="MedRem" time="0.0">
    <ignored/>
  </testcase> <!-- MedRem -->
  <testcase classname="simulator.Tests_Sim" name="DiscussNotif" time="0.0">
    <ignored/>
  </testcase> <!-- DiscussNotif -->
  <testcase classname="simulator.Tests_Sim" name="MedPstEmp" time="0.0">
    <ignored/>
  </testcase> <!-- MedPstEmp -->
  <testcase classname="simulator.Tests_Sim" name="DiscussNew" time="0.0">
    <ignored/>
  </testcase> <!-- DiscussNew -->
  <testcase classname="simulator.Tests_Sim" name="TrackHome" time="0.0">
    <ignored/>
  </testcase> <!-- TrackHome -->
  <testcase classname="simulator.Tests_Sim" name="Articles" time="0.0">
    <ignored/>
  </testcase> <!-- Articles -->
  <testcase classname="simulator.Tests_Sim" name="DiscussComment" time="0.0">
    <ignored/>
  </testcase> <!-- DiscussComment -->
  <testcase classname="simulator.Tests_Sim" name="MedAct" time="0.0">
    <ignored/>
  </testcase> <!-- MedAct -->
  <testcase classname="simulator.Tests_Sim" name="MedPst" time="0.0">
    <ignored/>
  </testcase> <!-- MedPst -->
  <testcase classname="simulator.Tests_Sim" name="TrackAdd" time="0.0">
    <ignored/>
  </testcase> <!-- TrackAdd -->
  <testcase classname="simulator.Tests_Sim" name="DiscussSearch" time="0.0">
    <ignored/>
  </testcase> <!-- DiscussSearch -->
  <testcase classname="simulator.Tests_Sim" name="TrackNew" time="0.0">
    <ignored/>
  </testcase> <!-- TrackNew -->
  <testcase classname="simulator.Tests_Sim" name="DiscussHome" time="0.0">
    <ignored/>
  </testcase> <!-- DiscussHome -->
</testsuite> <!-- simulator -->
