<?xml version="1.0" encoding="UTF-8"?>
<testng-results ignored="0" total="2" passed="1" failed="1" skipped="0">
  <reporter-output>
  </reporter-output>
  <suite started-at="2020-01-10T16:41:06 EST" name="TestNG Suite" finished-at="2020-01-10T16:41:26 EST" duration-ms="19550">
    <groups>
      <group name="Registration">
        <method signature="TestsII_Sim.Reg(java.lang.String)[pri:30, instance:simulator.TestsII_Sim@436a4e4b]" name="Reg" class="simulator.TestsII_Sim"/>
      </group> <!-- Registration -->
      <group name="Onboarding">
        <method signature="TestsII_Sim.NewUser()[pri:29, instance:simulator.TestsII_Sim@436a4e4b]" name="NewUser" class="simulator.TestsII_Sim"/>
      </group> <!-- Onboarding -->
    </groups>
    <test started-at="2020-01-10T16:41:06 EST" name="login" finished-at="2020-01-10T16:41:26 EST" duration-ms="19550">
      <class name="simulator.TestsII_Sim">
        <test-method is-config="true" signature="setup(java.lang.String, java.lang.String, java.lang.String, java.lang.String, java.lang.String)[pri:0, instance:simulator.TestsII_Sim@436a4e4b]" started-at="2020-01-10T16:41:06 EST" name="setup" finished-at="2020-01-10T16:41:15 EST" duration-ms="8627" status="PASS">
          <params>
            <param index="0">
              <value>
                <![CDATA[iOS]]>
              </value>
            </param>
            <param index="1">
              <value>
                <![CDATA[13.2]]>
              </value>
            </param>
            <param index="2">
              <value>
                <![CDATA[30D36B05-AE4B-417F-8FC8-9092F083A303]]>
              </value>
            </param>
            <param index="3">
              <value>
                <![CDATA[iPhone 8 Plus]]>
              </value>
            </param>
            <param index="4">
              <value>
                <![CDATA[8101]]>
              </value>
            </param>
          </params>
          <reporter-output>
          </reporter-output>
        </test-method> <!-- setup -->
        <test-method signature="NewUser()[pri:29, instance:simulator.TestsII_Sim@436a4e4b]" started-at="2020-01-10T16:41:15 EST" name="NewUser" description="New user - notifications pop-up" finished-at="2020-01-10T16:41:26 EST" duration-ms="10844" status="PASS">
          <reporter-output>
          </reporter-output>
        </test-method> <!-- NewUser -->
        <test-method signature="Reg(java.lang.String)[pri:30, instance:simulator.TestsII_Sim@436a4e4b]" started-at="2020-01-10T16:41:26 EST" name="Reg" description="Registration" finished-at="2020-01-10T16:41:26 EST" duration-ms="14" status="FAIL">
          <params>
            <param index="0">
              <value>
                <![CDATA[2@@]]>
              </value>
            </param>
          </params>
          <exception class="java.lang.NullPointerException">
            <full-stacktrace>
              <![CDATA[java.lang.NullPointerException
at simulator.TestsII_Sim.Reg(TestsII_Sim.java:25)
at java.base/jdk.internal.reflect.NativeMethodAccessorImpl.invoke0(Native Method)
at java.base/jdk.internal.reflect.NativeMethodAccessorImpl.invoke(NativeMethodAccessorImpl.java:62)
at java.base/jdk.internal.reflect.DelegatingMethodAccessorImpl.invoke(DelegatingMethodAccessorImpl.java:43)
at java.base/java.lang.reflect.Method.invoke(Method.java:567)
at org.testng.internal.MethodInvocationHelper.invokeMethod(MethodInvocationHelper.java:134)
at org.testng.internal.TestInvoker.invokeMethod(TestInvoker.java:597)
at org.testng.internal.TestInvoker.invokeTestMethod(TestInvoker.java:173)
at org.testng.internal.MethodRunner.runInSequence(MethodRunner.java:46)
at org.testng.internal.TestInvoker$MethodInvocationAgent.invoke(TestInvoker.java:816)
at org.testng.internal.TestInvoker.invokeTestMethods(TestInvoker.java:146)
at org.testng.internal.TestMethodWorker.invokeTestMethods(TestMethodWorker.java:146)
at org.testng.internal.TestMethodWorker.run(TestMethodWorker.java:128)
at java.base/java.util.ArrayList.forEach(ArrayList.java:1507)
at org.testng.TestRunner.privateRun(TestRunner.java:766)
at org.testng.TestRunner.run(TestRunner.java:587)
at org.testng.SuiteRunner.runTest(SuiteRunner.java:384)
at org.testng.SuiteRunner.runSequentially(SuiteRunner.java:378)
at org.testng.SuiteRunner.privateRun(SuiteRunner.java:337)
at org.testng.SuiteRunner.run(SuiteRunner.java:286)
at org.testng.SuiteRunnerWorker.runSuite(SuiteRunnerWorker.java:53)
at org.testng.SuiteRunnerWorker.run(SuiteRunnerWorker.java:96)
at org.testng.TestNG.runSuitesSequentially(TestNG.java:1187)
at org.testng.TestNG.runSuitesLocally(TestNG.java:1109)
at org.testng.TestNG.runSuites(TestNG.java:1039)
at org.testng.TestNG.run(TestNG.java:1007)
at org.testng.remote.AbstractRemoteTestNG.run(AbstractRemoteTestNG.java:115)
at org.testng.remote.RemoteTestNG.initAndRun(RemoteTestNG.java:251)
at org.testng.remote.RemoteTestNG.main(RemoteTestNG.java:77)
]]>
            </full-stacktrace>
          </exception> <!-- java.lang.NullPointerException -->
          <reporter-output>
          </reporter-output>
        </test-method> <!-- Reg -->
      </class> <!-- simulator.TestsII_Sim -->
    </test> <!-- login -->
  </suite> <!-- TestNG Suite -->
</testng-results>
